<?xml version="1.0" encoding="UTF-8"?><testsuite errors="1" failures="0" name="Academy Choucair" skipped="0" tests="1" time="3.54" timestamp="2022-04-05 10:47:48"><testcase name="Search for a automation course"><error message="Arity mismatch: Step Definition 'co.com.choucair.certification.proyectobase.stepdefinitions.ChoucairAcademyStepDefinitions.thanBrandonWantsToLearnAutomationAtTheAcademyChoucair(AcademyChoucairData&gt;) in file:/C:/Users/wwwco/IdeaProjects/co.com.choucair.certification.proyectoBase/build/classes/java/test/' with pattern [^than brandon wants to learn automation at the academy choucair$] is declared with 1 parameters. However, the gherkin step has 0 arguments []. &#10;Step text: than brandon wants to learn automation at the academy choucair" type="cucumber.runtime.CucumberException">Arity mismatch: Step Definition 'co.com.choucair.certification.proyectobase.stepdefinitions.ChoucairAcademyStepDefinitions.thanBrandonWantsToLearnAutomationAtTheAcademyChoucair(AcademyChoucairData&gt;) in file:/C:/Users/wwwco/IdeaProjects/co.com.choucair.certification.proyectoBase/build/classes/java/test/' with pattern [^than brandon wants to learn automation at the academy choucair$] is declared with 1 parameters. However, the gherkin step has 0 arguments []. 
Step text: than brandon wants to learn automation at the academy choucair</error><system-err>Arity mismatch: Step Definition 'co.com.choucair.certification.proyectobase.stepdefinitions.ChoucairAcademyStepDefinitions.thanBrandonWantsToLearnAutomationAtTheAcademyChoucair(AcademyChoucairData&gt;) in file:/C:/Users/wwwco/IdeaProjects/co.com.choucair.certification.proyectoBase/build/classes/java/test/' with pattern [^than brandon wants to learn automation at the academy choucair$] is declared with 1 parameters. However, the gherkin step has 0 arguments []. 
Step text: than brandon wants to learn automation at the academy choucair&#13;
cucumber.runner.Runner.runPickle(Runner.java:80)&#13;
</system-err></testcase></testsuite>